[ 2014-08-07T10:50:26+08:00 ] 127.0.0.1 /wp/snsBlog/index.php
INFO: [ app_init ] --START--
INFO: Run Behavior\BuildLiteBehavior [ RunTime:0.000023s ]
INFO: [ app_init ] --END-- [ RunTime:0.000779s ]
INFO: [ app_begin ] --START--
INFO: Run Behavior\ReadHtmlCacheBehavior [ RunTime:0.000930s ]
INFO: [ app_begin ] --END-- [ RunTime:0.001006s ]
INFO: [ view_parse ] --START--
INFO: [ template_filter ] --START--
INFO: Run Behavior\ContentReplaceBehavior [ RunTime:0.000058s ]
INFO: [ template_filter ] --END-- [ RunTime:0.000150s ]
INFO: Run Behavior\ParseTemplateBehavior [ RunTime:0.013151s ]
INFO: [ view_parse ] --END-- [ RunTime:0.013247s ]
INFO: [ view_filter ] --START--
INFO: Run Behavior\WriteHtmlCacheBehavior [ RunTime:0.000574s ]
INFO: [ view_filter ] --END-- [ RunTime:0.000648s ]
INFO: [ app_end ] --START--
INFO: Run Behavior\ShowPageTraceBehavior [ RunTime:0.000877s ]
INFO: [ app_end ] --END-- [ RunTime:0.000948s ]

[ 2014-08-07T12:20:34+08:00 ] 127.0.0.1 /wp/snsBlog/admin/user/add.shtml
INFO: [ app_init ] --START--
INFO: Run Behavior\BuildLiteBehavior [ RunTime:0.000022s ]
INFO: [ app_init ] --END-- [ RunTime:0.000576s ]
INFO: [ app_begin ] --START--
INFO: Run Behavior\ReadHtmlCacheBehavior [ RunTime:0.001172s ]
INFO: [ app_begin ] --END-- [ RunTime:0.001336s ]
ERR: 无法加载控制器:Admin

[ 2014-08-07T12:21:05+08:00 ] 127.0.0.1 /wp/snsBlog/admin/index/index
INFO: [ app_init ] --START--
INFO: Run Behavior\BuildLiteBehavior [ RunTime:0.000021s ]
INFO: [ app_init ] --END-- [ RunTime:0.000519s ]
INFO: [ app_begin ] --START--
INFO: Run Behavior\ReadHtmlCacheBehavior [ RunTime:0.001050s ]
INFO: [ app_begin ] --END-- [ RunTime:0.001177s ]
ERR: 无法加载控制器:Admin

[ 2014-08-07T12:21:31+08:00 ] 127.0.0.1 /wp/snsBlog/
INFO: [ app_init ] --START--
INFO: Run Behavior\BuildLiteBehavior [ RunTime:0.000022s ]
INFO: [ app_init ] --END-- [ RunTime:0.000525s ]
INFO: [ app_begin ] --START--
INFO: Run Behavior\ReadHtmlCacheBehavior [ RunTime:0.000714s ]
INFO: [ app_begin ] --END-- [ RunTime:0.000794s ]
INFO: [ view_parse ] --START--
INFO: Run Behavior\ParseTemplateBehavior [ RunTime:0.000839s ]
INFO: [ view_parse ] --END-- [ RunTime:0.000974s ]
INFO: [ view_filter ] --START--
INFO: Run Behavior\WriteHtmlCacheBehavior [ RunTime:0.000804s ]
INFO: [ view_filter ] --END-- [ RunTime:0.000910s ]
INFO: [ app_end ] --START--
INFO: Run Behavior\ShowPageTraceBehavior [ RunTime:0.001211s ]
INFO: [ app_end ] --END-- [ RunTime:0.001307s ]

[ 2014-08-07T12:21:40+08:00 ] 127.0.0.1 /wp/snsBlog/admin/index/
INFO: [ app_init ] --START--
INFO: Run Behavior\BuildLiteBehavior [ RunTime:0.000021s ]
INFO: [ app_init ] --END-- [ RunTime:0.000517s ]
INFO: [ app_begin ] --START--
INFO: Run Behavior\ReadHtmlCacheBehavior [ RunTime:0.000709s ]
INFO: [ app_begin ] --END-- [ RunTime:0.000789s ]
ERR: 无法加载控制器:Admin

[ 2014-08-07T12:21:54+08:00 ] 127.0.0.1 /wp/snsBlog/admin/index/index
INFO: [ app_init ] --START--
INFO: Run Behavior\BuildLiteBehavior [ RunTime:0.000022s ]
INFO: [ app_init ] --END-- [ RunTime:0.000521s ]
INFO: [ app_begin ] --START--
INFO: Run Behavior\ReadHtmlCacheBehavior [ RunTime:0.000696s ]
INFO: [ app_begin ] --END-- [ RunTime:0.000773s ]
ERR: 无法加载控制器:Admin

[ 2014-08-07T12:22:04+08:00 ] 127.0.0.1 /wp/snsBlog/admin/index/index
INFO: [ app_init ] --START--
INFO: Run Behavior\BuildLiteBehavior [ RunTime:0.000021s ]
INFO: [ app_init ] --END-- [ RunTime:0.000526s ]
INFO: [ app_begin ] --START--
INFO: Run Behavior\ReadHtmlCacheBehavior [ RunTime:0.000743s ]
INFO: [ app_begin ] --END-- [ RunTime:0.000820s ]
ERR: 无法加载控制器:Admin

[ 2014-08-07T12:22:05+08:00 ] 127.0.0.1 /wp/snsBlog/admin/index/index
INFO: [ app_init ] --START--
INFO: Run Behavior\BuildLiteBehavior [ RunTime:0.000021s ]
INFO: [ app_init ] --END-- [ RunTime:0.000519s ]
INFO: [ app_begin ] --START--
INFO: Run Behavior\ReadHtmlCacheBehavior [ RunTime:0.000702s ]
INFO: [ app_begin ] --END-- [ RunTime:0.000777s ]
ERR: 无法加载控制器:Admin

[ 2014-08-07T12:22:05+08:00 ] 127.0.0.1 /wp/snsBlog/admin/index/index
INFO: [ app_init ] --START--
INFO: Run Behavior\BuildLiteBehavior [ RunTime:0.000024s ]
INFO: [ app_init ] --END-- [ RunTime:0.000686s ]
INFO: [ app_begin ] --START--
INFO: Run Behavior\ReadHtmlCacheBehavior [ RunTime:0.000702s ]
INFO: [ app_begin ] --END-- [ RunTime:0.000778s ]
ERR: 无法加载控制器:Admin

[ 2014-08-07T12:22:06+08:00 ] 127.0.0.1 /wp/snsBlog/admin/index/index
INFO: [ app_init ] --START--
INFO: Run Behavior\BuildLiteBehavior [ RunTime:0.000021s ]
INFO: [ app_init ] --END-- [ RunTime:0.000517s ]
INFO: [ app_begin ] --START--
INFO: Run Behavior\ReadHtmlCacheBehavior [ RunTime:0.000713s ]
INFO: [ app_begin ] --END-- [ RunTime:0.000790s ]
ERR: 无法加载控制器:Admin

[ 2014-08-07T12:22:06+08:00 ] 127.0.0.1 /wp/snsBlog/admin/index/index
INFO: [ app_init ] --START--
INFO: Run Behavior\BuildLiteBehavior [ RunTime:0.000021s ]
INFO: [ app_init ] --END-- [ RunTime:0.000528s ]
INFO: [ app_begin ] --START--
INFO: Run Behavior\ReadHtmlCacheBehavior [ RunTime:0.000693s ]
INFO: [ app_begin ] --END-- [ RunTime:0.000768s ]
ERR: 无法加载控制器:Admin

[ 2014-08-07T12:22:19+08:00 ] 127.0.0.1 /wp/snsBlog/home/index/index
INFO: [ app_init ] --START--
INFO: Run Behavior\BuildLiteBehavior [ RunTime:0.000032s ]
INFO: [ app_init ] --END-- [ RunTime:0.000834s ]
INFO: [ app_begin ] --START--
INFO: Run Behavior\ReadHtmlCacheBehavior [ RunTime:0.000955s ]
INFO: [ app_begin ] --END-- [ RunTime:0.001073s ]
ERR: 无法加载控制器:Home

[ 2014-08-07T12:22:42+08:00 ] 127.0.0.1 /wp/snsBlog/
INFO: [ app_init ] --START--
INFO: Run Behavior\BuildLiteBehavior [ RunTime:0.000021s ]
INFO: [ app_init ] --END-- [ RunTime:0.000561s ]
INFO: [ app_begin ] --START--
INFO: Run Behavior\ReadHtmlCacheBehavior [ RunTime:0.001416s ]
INFO: [ app_begin ] --END-- [ RunTime:0.001530s ]
INFO: [ view_parse ] --START--
INFO: Run Behavior\ParseTemplateBehavior [ RunTime:0.000782s ]
INFO: [ view_parse ] --END-- [ RunTime:0.000905s ]
INFO: [ view_filter ] --START--
INFO: Run Behavior\WriteHtmlCacheBehavior [ RunTime:0.000745s ]
INFO: [ view_filter ] --END-- [ RunTime:0.000832s ]
INFO: [ app_end ] --START--
INFO: Run Behavior\ShowPageTraceBehavior [ RunTime:0.000989s ]
INFO: [ app_end ] --END-- [ RunTime:0.001066s ]

[ 2014-08-07T12:22:54+08:00 ] 127.0.0.1 /wp/snsBlog/home/index/index
INFO: [ app_init ] --START--
INFO: Run Behavior\BuildLiteBehavior [ RunTime:0.000024s ]
INFO: [ app_init ] --END-- [ RunTime:0.000587s ]
INFO: [ app_begin ] --START--
INFO: Run Behavior\ReadHtmlCacheBehavior [ RunTime:0.000701s ]
INFO: [ app_begin ] --END-- [ RunTime:0.000777s ]
ERR: 无法加载控制器:Home

[ 2014-08-07T12:22:58+08:00 ] 127.0.0.1 /wp/snsBlog/
INFO: [ app_init ] --START--
INFO: Run Behavior\BuildLiteBehavior [ RunTime:0.000021s ]
INFO: [ app_init ] --END-- [ RunTime:0.000526s ]
INFO: [ app_begin ] --START--
INFO: Run Behavior\ReadHtmlCacheBehavior [ RunTime:0.000695s ]
INFO: [ app_begin ] --END-- [ RunTime:0.000775s ]
INFO: [ view_parse ] --START--
INFO: Run Behavior\ParseTemplateBehavior [ RunTime:0.000423s ]
INFO: [ view_parse ] --END-- [ RunTime:0.000500s ]
INFO: [ view_filter ] --START--
INFO: Run Behavior\WriteHtmlCacheBehavior [ RunTime:0.000488s ]
INFO: [ view_filter ] --END-- [ RunTime:0.000556s ]
INFO: [ app_end ] --START--
INFO: Run Behavior\ShowPageTraceBehavior [ RunTime:0.000860s ]
INFO: [ app_end ] --END-- [ RunTime:0.000931s ]

[ 2014-08-07T12:23:29+08:00 ] 127.0.0.1 /wp/snsBlog/Admin/Index/index.shtml
INFO: [ app_init ] --START--
INFO: Run Behavior\BuildLiteBehavior [ RunTime:0.000030s ]
INFO: [ app_init ] --END-- [ RunTime:0.000838s ]
INFO: [ app_begin ] --START--
INFO: Run Behavior\ReadHtmlCacheBehavior [ RunTime:0.000881s ]
INFO: [ app_begin ] --END-- [ RunTime:0.000986s ]
ERR: 无法加载控制器:Admin

[ 2014-08-07T12:24:50+08:00 ] 127.0.0.1 /wp/snsBlog/Admin/Index/index.shtml
ERR: 无法加载控制器:Admin

[ 2014-08-07T12:24:51+08:00 ] 127.0.0.1 /wp/snsBlog/Admin/Index/index.shtml
ERR: 无法加载控制器:Admin

[ 2014-08-07T12:24:51+08:00 ] 127.0.0.1 /wp/snsBlog/Admin/Index/index.shtml
ERR: 无法加载控制器:Admin

[ 2014-08-07T12:24:52+08:00 ] 127.0.0.1 /wp/snsBlog/Admin/Index/index.shtml
ERR: 无法加载控制器:Admin

[ 2014-08-07T12:24:52+08:00 ] 127.0.0.1 /wp/snsBlog/Admin/Index/index.shtml
ERR: 无法加载控制器:Admin

[ 2014-08-07T12:24:52+08:00 ] 127.0.0.1 /wp/snsBlog/Admin/Index/index.shtml
ERR: 无法加载控制器:Admin

[ 2014-08-07T12:24:52+08:00 ] 127.0.0.1 /wp/snsBlog/Admin/Index/index.shtml
ERR: 无法加载控制器:Admin

[ 2014-08-07T12:24:53+08:00 ] 127.0.0.1 /wp/snsBlog/Admin/Index/index.shtml
ERR: 无法加载控制器:Admin

[ 2014-08-07T12:24:53+08:00 ] 127.0.0.1 /wp/snsBlog/Admin/Index/index.shtml
ERR: 无法加载控制器:Admin

[ 2014-08-07T12:25:51+08:00 ] 127.0.0.1 /wp/snsBlog/Admin/Index/index
ERR: 无法加载控制器:Admin

[ 2014-08-07T12:26:01+08:00 ] 127.0.0.1 /wp/snsBlog/Admin/Index/index
ERR: 无法加载控制器:Admin

[ 2014-08-07T13:18:40+08:00 ] 127.0.0.1 /wp/snsBlog/admin/user/get.shtml
INFO: [ app_init ] --START--
INFO: Run Behavior\BuildLiteBehavior [ RunTime:0.000021s ]
INFO: [ app_init ] --END-- [ RunTime:0.000498s ]
INFO: [ app_begin ] --START--
INFO: Run Behavior\ReadHtmlCacheBehavior [ RunTime:0.000738s ]
INFO: [ app_begin ] --END-- [ RunTime:0.000817s ]
NOTIC: [2048] Declaration of Admin\Controller\UserController::get() should be compatible with that of Think\Controller::get() D:\phpapp\wp\snsBlog\Application\Admin\Controller\UserController.class.php 第 22 行.
SQL: SHOW COLUMNS FROM `wq_users` [ RunTime:0.002148s ]
SQL: SELECT * FROM `wq_users` WHERE ( id=1 ) LIMIT 1   [ RunTime:0.021986s ]
INFO: [ app_end ] --START--
INFO: Run Behavior\ShowPageTraceBehavior [ RunTime:0.000892s ]
INFO: [ app_end ] --END-- [ RunTime:0.000967s ]

[ 2014-08-07T13:18:42+08:00 ] 127.0.0.1 /wp/snsBlog/admin/user/get.shtml
INFO: [ app_init ] --START--
INFO: Run Behavior\BuildLiteBehavior [ RunTime:0.000028s ]
INFO: [ app_init ] --END-- [ RunTime:0.000666s ]
INFO: [ app_begin ] --START--
INFO: Run Behavior\ReadHtmlCacheBehavior [ RunTime:0.000669s ]
INFO: [ app_begin ] --END-- [ RunTime:0.000756s ]
NOTIC: [2048] Declaration of Admin\Controller\UserController::get() should be compatible with that of Think\Controller::get() D:\phpapp\wp\snsBlog\Application\Admin\Controller\UserController.class.php 第 22 行.
SQL: SHOW COLUMNS FROM `wq_users` [ RunTime:0.003919s ]
SQL: SELECT * FROM `wq_users` WHERE ( id=1 ) LIMIT 1   [ RunTime:0.001654s ]
INFO: [ app_end ] --START--
INFO: Run Behavior\ShowPageTraceBehavior [ RunTime:0.000758s ]
INFO: [ app_end ] --END-- [ RunTime:0.000832s ]

[ 2014-08-07T13:18:43+08:00 ] 127.0.0.1 /wp/snsBlog/admin/user/get.shtml
INFO: [ app_init ] --START--
INFO: Run Behavior\BuildLiteBehavior [ RunTime:0.000020s ]
INFO: [ app_init ] --END-- [ RunTime:0.000442s ]
INFO: [ app_begin ] --START--
INFO: Run Behavior\ReadHtmlCacheBehavior [ RunTime:0.000624s ]
INFO: [ app_begin ] --END-- [ RunTime:0.000699s ]
NOTIC: [2048] Declaration of Admin\Controller\UserController::get() should be compatible with that of Think\Controller::get() D:\phpapp\wp\snsBlog\Application\Admin\Controller\UserController.class.php 第 22 行.
SQL: SHOW COLUMNS FROM `wq_users` [ RunTime:0.002150s ]
SQL: SELECT * FROM `wq_users` WHERE ( id=1 ) LIMIT 1   [ RunTime:0.002142s ]
INFO: [ app_end ] --START--
INFO: Run Behavior\ShowPageTraceBehavior [ RunTime:0.001012s ]
INFO: [ app_end ] --END-- [ RunTime:0.001123s ]

[ 2014-08-07T13:18:44+08:00 ] 127.0.0.1 /wp/snsBlog/admin/user/get.shtml
INFO: [ app_init ] --START--
INFO: Run Behavior\BuildLiteBehavior [ RunTime:0.000024s ]
INFO: [ app_init ] --END-- [ RunTime:0.000637s ]
INFO: [ app_begin ] --START--
INFO: Run Behavior\ReadHtmlCacheBehavior [ RunTime:0.000619s ]
INFO: [ app_begin ] --END-- [ RunTime:0.000694s ]
NOTIC: [2048] Declaration of Admin\Controller\UserController::get() should be compatible with that of Think\Controller::get() D:\phpapp\wp\snsBlog\Application\Admin\Controller\UserController.class.php 第 22 行.
SQL: SHOW COLUMNS FROM `wq_users` [ RunTime:0.002137s ]
SQL: SELECT * FROM `wq_users` WHERE ( id=1 ) LIMIT 1   [ RunTime:0.001162s ]
INFO: [ app_end ] --START--
INFO: Run Behavior\ShowPageTraceBehavior [ RunTime:0.000764s ]
INFO: [ app_end ] --END-- [ RunTime:0.000837s ]

[ 2014-08-07T13:18:44+08:00 ] 127.0.0.1 /wp/snsBlog/admin/user/get.shtml
INFO: [ app_init ] --START--
INFO: Run Behavior\BuildLiteBehavior [ RunTime:0.000022s ]
INFO: [ app_init ] --END-- [ RunTime:0.000453s ]
INFO: [ app_begin ] --START--
INFO: Run Behavior\ReadHtmlCacheBehavior [ RunTime:0.000622s ]
INFO: [ app_begin ] --END-- [ RunTime:0.000698s ]
NOTIC: [2048] Declaration of Admin\Controller\UserController::get() should be compatible with that of Think\Controller::get() D:\phpapp\wp\snsBlog\Application\Admin\Controller\UserController.class.php 第 22 行.
SQL: SHOW COLUMNS FROM `wq_users` [ RunTime:0.002194s ]
SQL: SELECT * FROM `wq_users` WHERE ( id=1 ) LIMIT 1   [ RunTime:0.001039s ]
INFO: [ app_end ] --START--
INFO: Run Behavior\ShowPageTraceBehavior [ RunTime:0.000766s ]
INFO: [ app_end ] --END-- [ RunTime:0.000841s ]

[ 2014-08-07T13:21:08+08:00 ] 127.0.0.1 /wp/snsBlog/admin/user/get.shtml
INFO: [ app_init ] --START--
INFO: Run Behavior\BuildLiteBehavior [ RunTime:0.000022s ]
INFO: [ app_init ] --END-- [ RunTime:0.000520s ]
INFO: [ app_begin ] --START--
INFO: Run Behavior\ReadHtmlCacheBehavior [ RunTime:0.000793s ]
INFO: [ app_begin ] --END-- [ RunTime:0.000878s ]
NOTIC: [2048] Declaration of Admin\Controller\UserController::get() should be compatible with that of Think\Controller::get() D:\phpapp\wp\snsBlog\Application\Admin\Controller\UserController.class.php 第 22 行.
SQL: SHOW COLUMNS FROM `wq_users` [ RunTime:0.002856s ]
SQL: SELECT * FROM `wq_users` WHERE ( id=1 ) LIMIT 1   [ RunTime:0.001187s ]
INFO: [ app_end ] --START--
INFO: Run Behavior\ShowPageTraceBehavior [ RunTime:0.000884s ]
INFO: [ app_end ] --END-- [ RunTime:0.000961s ]

[ 2014-08-07T13:21:09+08:00 ] 127.0.0.1 /wp/snsBlog/admin/user/get.shtml
INFO: [ app_init ] --START--
INFO: Run Behavior\BuildLiteBehavior [ RunTime:0.000021s ]
INFO: [ app_init ] --END-- [ RunTime:0.000446s ]
INFO: [ app_begin ] --START--
INFO: Run Behavior\ReadHtmlCacheBehavior [ RunTime:0.000618s ]
INFO: [ app_begin ] --END-- [ RunTime:0.000693s ]
NOTIC: [2048] Declaration of Admin\Controller\UserController::get() should be compatible with that of Think\Controller::get() D:\phpapp\wp\snsBlog\Application\Admin\Controller\UserController.class.php 第 22 行.
SQL: SHOW COLUMNS FROM `wq_users` [ RunTime:0.002223s ]
SQL: SELECT * FROM `wq_users` WHERE ( id=1 ) LIMIT 1   [ RunTime:0.001688s ]
INFO: [ app_end ] --START--
INFO: Run Behavior\ShowPageTraceBehavior [ RunTime:0.000757s ]
INFO: [ app_end ] --END-- [ RunTime:0.000831s ]

[ 2014-08-07T13:21:22+08:00 ] 127.0.0.1 /wp/snsBlog/admin/user/get.shtml
INFO: [ app_init ] --START--
INFO: Run Behavior\BuildLiteBehavior [ RunTime:0.000031s ]
INFO: [ app_init ] --END-- [ RunTime:0.000684s ]
INFO: [ app_begin ] --START--
INFO: Run Behavior\ReadHtmlCacheBehavior [ RunTime:0.000925s ]
INFO: [ app_begin ] --END-- [ RunTime:0.001056s ]
NOTIC: [2048] Declaration of Admin\Controller\UserController::get() should be compatible with that of Think\Controller::get() D:\phpapp\wp\snsBlog\Application\Admin\Controller\UserController.class.php 第 22 行.
SQL: SHOW COLUMNS FROM `wq_users` [ RunTime:0.002422s ]
SQL: SELECT * FROM `wq_users` WHERE ( id=1 ) LIMIT 1   [ RunTime:0.001030s ]
INFO: [ app_end ] --START--
INFO: Run Behavior\ShowPageTraceBehavior [ RunTime:0.000761s ]
INFO: [ app_end ] --END-- [ RunTime:0.000836s ]

[ 2014-08-07T13:21:37+08:00 ] 127.0.0.1 /wp/snsBlog/admin/user/get.shtml
INFO: [ app_init ] --START--
INFO: Run Behavior\BuildLiteBehavior [ RunTime:0.000023s ]
INFO: [ app_init ] --END-- [ RunTime:0.000522s ]
INFO: [ app_begin ] --START--
INFO: Run Behavior\ReadHtmlCacheBehavior [ RunTime:0.000626s ]
INFO: [ app_begin ] --END-- [ RunTime:0.000702s ]
NOTIC: [2048] Declaration of Admin\Controller\UserController::get() should be compatible with that of Think\Controller::get() D:\phpapp\wp\snsBlog\Application\Admin\Controller\UserController.class.php 第 22 行.
SQL: SHOW COLUMNS FROM `wq_users` [ RunTime:0.004642s ]
SQL: SELECT * FROM `wq_users` WHERE ( id=1 ) LIMIT 1   [ RunTime:0.001949s ]
INFO: [ app_end ] --START--
INFO: Run Behavior\ShowPageTraceBehavior [ RunTime:0.000766s ]
INFO: [ app_end ] --END-- [ RunTime:0.000841s ]

[ 2014-08-07T13:21:37+08:00 ] 127.0.0.1 /wp/snsBlog/admin/user/get.shtml
INFO: [ app_init ] --START--
INFO: Run Behavior\BuildLiteBehavior [ RunTime:0.000024s ]
INFO: [ app_init ] --END-- [ RunTime:0.000541s ]
INFO: [ app_begin ] --START--
INFO: Run Behavior\ReadHtmlCacheBehavior [ RunTime:0.000679s ]
INFO: [ app_begin ] --END-- [ RunTime:0.000766s ]
NOTIC: [2048] Declaration of Admin\Controller\UserController::get() should be compatible with that of Think\Controller::get() D:\phpapp\wp\snsBlog\Application\Admin\Controller\UserController.class.php 第 22 行.
SQL: SHOW COLUMNS FROM `wq_users` [ RunTime:0.002155s ]
SQL: SELECT * FROM `wq_users` WHERE ( id=1 ) LIMIT 1   [ RunTime:0.001513s ]
INFO: [ app_end ] --START--
INFO: Run Behavior\ShowPageTraceBehavior [ RunTime:0.000978s ]
INFO: [ app_end ] --END-- [ RunTime:0.001272s ]

[ 2014-08-07T13:21:37+08:00 ] 127.0.0.1 /wp/snsBlog/admin/user/get.shtml
INFO: [ app_init ] --START--
INFO: Run Behavior\BuildLiteBehavior [ RunTime:0.000026s ]
INFO: [ app_init ] --END-- [ RunTime:0.000540s ]
INFO: [ app_begin ] --START--
INFO: Run Behavior\ReadHtmlCacheBehavior [ RunTime:0.000789s ]
INFO: [ app_begin ] --END-- [ RunTime:0.000897s ]
NOTIC: [2048] Declaration of Admin\Controller\UserController::get() should be compatible with that of Think\Controller::get() D:\phpapp\wp\snsBlog\Application\Admin\Controller\UserController.class.php 第 22 行.
SQL: SHOW COLUMNS FROM `wq_users` [ RunTime:0.002292s ]
SQL: SELECT * FROM `wq_users` WHERE ( id=1 ) LIMIT 1   [ RunTime:0.001132s ]
INFO: [ app_end ] --START--
INFO: Run Behavior\ShowPageTraceBehavior [ RunTime:0.000867s ]
INFO: [ app_end ] --END-- [ RunTime:0.000978s ]

[ 2014-08-07T13:21:38+08:00 ] 127.0.0.1 /wp/snsBlog/admin/user/get.shtml
INFO: [ app_init ] --START--
INFO: Run Behavior\BuildLiteBehavior [ RunTime:0.000022s ]
INFO: [ app_init ] --END-- [ RunTime:0.000450s ]
INFO: [ app_begin ] --START--
INFO: Run Behavior\ReadHtmlCacheBehavior [ RunTime:0.000634s ]
INFO: [ app_begin ] --END-- [ RunTime:0.000711s ]
NOTIC: [2048] Declaration of Admin\Controller\UserController::get() should be compatible with that of Think\Controller::get() D:\phpapp\wp\snsBlog\Application\Admin\Controller\UserController.class.php 第 22 行.
SQL: SHOW COLUMNS FROM `wq_users` [ RunTime:0.002164s ]
SQL: SELECT * FROM `wq_users` WHERE ( id=1 ) LIMIT 1   [ RunTime:0.001198s ]
INFO: [ app_end ] --START--
INFO: Run Behavior\ShowPageTraceBehavior [ RunTime:0.000758s ]
INFO: [ app_end ] --END-- [ RunTime:0.000832s ]

[ 2014-08-07T13:46:00+08:00 ] 127.0.0.1 /wp/snsBlog/admin/user/wp/snsBlog/admin/user/index.shtml
ERR: 非法操作:wp

[ 2014-08-07T13:56:13+08:00 ] 127.0.0.1 /wp/snsBlog/admin/user/getUser.shtml
ERR: 模板不存在:./Application/Admin/View/User/getuser.html

[ 2014-08-07T13:56:32+08:00 ] 127.0.0.1 /wp/snsBlog/admin/user/getUser.shtml
ERR: 模板不存在:./Application/Admin/View/User/getuser.html

[ 2014-08-07T13:59:18+08:00 ] 127.0.0.1 /wp/snsBlog/admin/user/getUser2.shtml
ERR: 非法操作:getuser2

[ 2014-08-07T14:01:21+08:00 ] 127.0.0.1 /wp/snsBlog/admin/user/getUser.shtml
ERR: 模板不存在:./Application/Admin/View/User/getUser2.html

[ 2014-08-07T14:01:24+08:00 ] 127.0.0.1 /wp/snsBlog/admin/user/getUser.shtml
ERR: 模板不存在:./Application/Admin/View/User/getUser2.html

[ 2014-08-07T14:02:11+08:00 ] 127.0.0.1 /wp/snsBlog/admin/user/getUser.shtml
ERR: 模板不存在:./Application/Admin/View/User/getUser2.html

[ 2014-08-07T14:02:31+08:00 ] 127.0.0.1 /wp/snsBlog/admin/user/getUser.shtml
ERR: 模板不存在:./Application/Admin/View/User/getUser2.html.html

[ 2014-08-07T14:03:49+08:00 ] 127.0.0.1 /wp/snsBlog/admin/user/getUser.shtml
ERR: 模板不存在:./Application/Admin/View/user/getUser2.html.html

[ 2014-08-07T14:04:11+08:00 ] 127.0.0.1 /wp/snsBlog/admin/user/getUser.shtml
ERR: 模板不存在:./Application/Admin/View/./Application/Admin/View/user/getUser2.html.html.html

[ 2014-08-07T14:04:13+08:00 ] 127.0.0.1 /wp/snsBlog/admin/user/getUser.shtml
ERR: 模板不存在:./Application/Admin/View/./Application/Admin/View/user/getUser2.html.html.html

[ 2014-08-07T14:04:40+08:00 ] 127.0.0.1 /wp/snsBlog/admin/user/getUser.shtml
ERR: 模板不存在:./Application/Admin/View/./Application/Admin/View/user/getUser2.html.html.html

[ 2014-08-07T14:04:42+08:00 ] 127.0.0.1 /wp/snsBlog/admin/user/getUser.shtml
ERR: 模板不存在:./Application/Admin/View/./Application/Admin/View/user/getUser2.html.html.html

[ 2014-08-07T14:04:56+08:00 ] 127.0.0.1 /wp/snsBlog/admin/user/getUser.shtml
ERR: 模板不存在:./Application/Admin/View/./Application/Admin/View/User/getUser2.html.html.html

[ 2014-08-07T14:05:16+08:00 ] 127.0.0.1 /wp/snsBlog/admin/user/getUser.shtml
ERR: 模板不存在:./Application/Admin/View/./Application/Admin/View/User/getUser2.html.html.html

[ 2014-08-07T14:06:55+08:00 ] 127.0.0.1 /wp/snsBlog/admin/user/getUser.shtml
ERR: 模板不存在:./Application/Admin/View/./Application/Admin/View/User/getUser2.html.html.html

[ 2014-08-07T14:38:29+08:00 ] 127.0.0.1 /wp/snsBlog/admin/user/js/jquery-1.7.2.min.js
ERR: 非法操作:js

[ 2014-08-07T15:09:35+08:00 ] 127.0.0.1 /wp/snsBlog/admin/user/saveAdd.shtml
ERR: Think\Controller:create方法不存在！

